<?xml version="1.0" encoding="UTF-8"?>
<!-- Generated by org.testng.reporters.JUnitReportReporter -->
<testsuite hostname="LAPTOP-UOSQO67B" failures="0" tests="1" name="getRequest.Hellobearer" time="2.619" errors="0" timestamp="08 Apr 2020 11:40:52 GMT" skipped="0">
  <testcase classname="getRequest.Hellobearer" name="Login" time="2.619"/>
</testsuite> <!-- getRequest.Hellobearer -->
