<?xml version="1.0" encoding="UTF-8"?>
<!-- Generated by org.testng.reporters.JUnitReportReporter -->
<testsuite hostname="LAPTOP-UOSQO67B" failures="0" tests="1" name="getRequest.Tseting" time="2.880" errors="0" timestamp="09 Apr 2020 05:51:52 GMT" skipped="0">
  <testcase classname="getRequest.Tseting" name="testcreateUser" time="2.880"/>
</testsuite> <!-- getRequest.Tseting -->
